Buildfile: /Users/josh/Study/courses/Execution-Driven-Synthesis/non-straight-line-experiments/repos/Math_59/build.xml

init:
     [echo] -------- Commons MATH 3.0-SNAPSHOT --------

compile:
    [javac] /Users/josh/Study/courses/Execution-Driven-Synthesis/non-straight-line-experiments/repos/Math_59/build.xml:165: warning: 'includeantruntime' was not set, defaulting to build.sysclasspath=last; set to false for repeatable builds

check-availability:
     [echo] doing check-availability...

download-dependencies:
     [echo] doing download-dependencies...

download-junit:
     [echo] Downloading junit...
      [get] Getting: http://repo1.maven.org/maven2/junit/junit/4.4/junit-4.4.jar
      [get] To: /Users/josh/Study/courses/Execution-Driven-Synthesis/non-straight-line-experiments/repos/Math_59/lib/junit-4.4.jar
      [get] Not modified - so not downloaded

compile.tests:
    [javac] /Users/josh/Study/courses/Execution-Driven-Synthesis/non-straight-line-experiments/repos/Math_59/build.xml:179: warning: 'includeantruntime' was not set, defaulting to build.sysclasspath=last; set to false for repeatable builds

synthesis:
     [java] 1 executions tried!
     [java] Trying configuration: {
     [java]     searchDepth: 1
     [java]     returnId: 0
     [java]     maxMethodDuplication: 1
     [java]     maxRequiredInputSurvivalTime: 1
     [java] }
     [java] 
     [java] Trying configuration: {
     [java]     searchDepth: 1
     [java]     returnId: 0
     [java]     maxMethodDuplication: 1
     [java]     maxRequiredInputSurvivalTime: 1
     [java] }
     [java] 
     [java] Trying configuration: {
     [java]     searchDepth: 2
     [java]     returnId: 1
     [java]     maxMethodDuplication: 1
     [java]     maxRequiredInputSurvivalTime: 1
     [java] }
     [java] 
     [java] Trying configuration: {
     [java]     searchDepth: 2
     [java]     returnId: 1
     [java]     maxMethodDuplication: 1
     [java]     maxRequiredInputSurvivalTime: 2
     [java] }
     [java] 
     [java] Trying configuration: {
     [java]     searchDepth: 3
     [java]     returnId: 2
     [java]     maxMethodDuplication: 1
     [java]     maxRequiredInputSurvivalTime: 1
     [java] }
     [java] 
     [java] Trying configuration: {
     [java]     searchDepth: 3
     [java]     returnId: 2
     [java]     maxMethodDuplication: 1
     [java]     maxRequiredInputSurvivalTime: 2
     [java] }
     [java] 
     [java] Trying configuration: {
     [java]     searchDepth: 4
     [java]     returnId: 3
     [java]     maxMethodDuplication: 1
     [java]     maxRequiredInputSurvivalTime: 1
     [java] }
     [java] 
     [java] Trying configuration: {
     [java]     searchDepth: 4
     [java]     returnId: 3
     [java]     maxMethodDuplication: 1
     [java]     maxRequiredInputSurvivalTime: 2
     [java] }
     [java] 
     [java] 2001 executions tried!
     [java] 3239 executions tried!
     [java] 6757 executions tried!
     [java] Found solution:
     [java] ----------------------------------------------------------------
     [java] Hole 0:
     [java] boolean res0 = iter.hasNext();
     [java] return res0;
     [java] 
     [java] Hole 1:
     [java] iter.advance();
     [java] double res1 = res.divideVal(iter, v);
     [java] int res2 = iter.key();
     [java] res.setEntry(res2, res1);
     [java] 
     [java] ----------------------------------------------------------------
     [java] Number of executions: 7579

BUILD SUCCESSFUL
Total time: 16 seconds
