Buildfile: /Users/josh/Study/courses/Execution-Driven-Synthesis/non-straight-line-experiments/repos/Closure_1/build.xml

rhino:

properties:

init:

compile:

compile-most:

compile-jdk15:

compile:

properties:

compile:

xmlimplsrc-compile:
     [echo] Calling /Users/josh/Study/courses/Execution-Driven-Synthesis/non-straight-line-experiments/repos/Closure_1/lib/rhino/xmlimplsrc/build.xml

compile:

compile-all:

compile:

jar:

rhino-jarjar:
   [jarjar] Updating jar: /Users/josh/Study/courses/Execution-Driven-Synthesis/non-straight-line-experiments/repos/Closure_1/build/lib/rhino.jar

svnversion:

compile:
    [javac] /Users/josh/Study/courses/Execution-Driven-Synthesis/non-straight-line-experiments/repos/Closure_1/build.xml:264: warning: 'includeantruntime' was not set, defaulting to build.sysclasspath=last; set to false for repeatable builds
    [javac] /Users/josh/Study/courses/Execution-Driven-Synthesis/non-straight-line-experiments/repos/Closure_1/build.xml:270: warning: 'includeantruntime' was not set, defaulting to build.sysclasspath=last; set to false for repeatable builds
[propertyfile] Updating property file: /Users/josh/Study/courses/Execution-Driven-Synthesis/non-straight-line-experiments/repos/Closure_1/build/classes/com/google/javascript/jscomp/parsing/ParserConfig.properties

compile-tests:
    [javac] /Users/josh/Study/courses/Execution-Driven-Synthesis/non-straight-line-experiments/repos/Closure_1/build.xml:338: warning: 'includeantruntime' was not set, defaulting to build.sysclasspath=last; set to false for repeatable builds
    [javac] /Users/josh/Study/courses/Execution-Driven-Synthesis/non-straight-line-experiments/repos/Closure_1/build.xml:344: warning: 'includeantruntime' was not set, defaulting to build.sysclasspath=last; set to false for repeatable builds

synthesis:
     [java] 1 executions tried!
     [java] Trying configuration: {
     [java]     searchDepth: 1
     [java]     returnId: 0
     [java]     maxMethodDuplication: 1
     [java]     maxRequiredInputSurvivalTime: 1
     [java] }
     [java] 
     [java] Trying configuration: {
     [java]     searchDepth: 1
     [java]     returnId: 0
     [java]     maxMethodDuplication: 1
     [java]     maxRequiredInputSurvivalTime: 1
     [java] }
     [java] 
     [java] Trying configuration: {
     [java]     searchDepth: 1
     [java]     returnId: 0
     [java]     maxMethodDuplication: 1
     [java]     maxRequiredInputSurvivalTime: 1
     [java] }
     [java] 
     [java] Trying configuration: {
     [java]     searchDepth: 2
     [java]     returnId: 1
     [java]     maxMethodDuplication: 1
     [java]     maxRequiredInputSurvivalTime: 1
     [java] }
     [java] 
     [java] 379 executions tried!
     [java] 1666 executions tried!
     [java] Trying configuration: {
     [java]     searchDepth: 2
     [java]     returnId: 1
     [java]     maxMethodDuplication: 1
     [java]     maxRequiredInputSurvivalTime: 2
     [java] }
     [java] 
     [java] 4373 executions tried!
     [java] Trying configuration: {
     [java]     searchDepth: 2
     [java]     returnId: 1
     [java]     maxMethodDuplication: 2
     [java]     maxRequiredInputSurvivalTime: 1
     [java] }
     [java] 
     [java] 7081 executions tried!
     [java] Trying configuration: {
     [java]     searchDepth: 2
     [java]     returnId: 1
     [java]     maxMethodDuplication: 2
     [java]     maxRequiredInputSurvivalTime: 2
     [java] }
     [java] 
     [java] 10326 executions tried!
     [java] Trying configuration: {
     [java]     searchDepth: 2
     [java]     returnId: 0
     [java]     maxMethodDuplication: 1
     [java]     maxRequiredInputSurvivalTime: 1
     [java] }
     [java] 
     [java] Trying configuration: {
     [java]     searchDepth: 2
     [java]     returnId: 0
     [java]     maxMethodDuplication: 1
     [java]     maxRequiredInputSurvivalTime: 2
     [java] }
     [java] 
     [java] Trying configuration: {
     [java]     searchDepth: 2
     [java]     returnId: 0
     [java]     maxMethodDuplication: 2
     [java]     maxRequiredInputSurvivalTime: 1
     [java] }
     [java] 
     [java] Trying configuration: {
     [java]     searchDepth: 2
     [java]     returnId: 0
     [java]     maxMethodDuplication: 2
     [java]     maxRequiredInputSurvivalTime: 2
     [java] }
     [java] 
     [java] Trying configuration: {
     [java]     searchDepth: 1
     [java]     returnId: 0
     [java]     maxMethodDuplication: 1
     [java]     maxRequiredInputSurvivalTime: 1
     [java] }
     [java] 
     [java] Trying configuration: {
     [java]     searchDepth: 2
     [java]     returnId: 1
     [java]     maxMethodDuplication: 1
     [java]     maxRequiredInputSurvivalTime: 1
     [java] }
     [java] 
     [java] 14329 executions tried!
     [java] Trying configuration: {
     [java]     searchDepth: 2
     [java]     returnId: 1
     [java]     maxMethodDuplication: 1
     [java]     maxRequiredInputSurvivalTime: 2
     [java] }
     [java] 
     [java] 17635 executions tried!
     [java] Trying configuration: {
     [java]     searchDepth: 2
     [java]     returnId: 1
     [java]     maxMethodDuplication: 2
     [java]     maxRequiredInputSurvivalTime: 1
     [java] }
     [java] 
     [java] 21203 executions tried!
     [java] Trying configuration: {
     [java]     searchDepth: 2
     [java]     returnId: 1
     [java]     maxMethodDuplication: 2
     [java]     maxRequiredInputSurvivalTime: 2
     [java] }
     [java] 
     [java] 24825 executions tried!
     [java] Trying configuration: {
     [java]     searchDepth: 2
     [java]     returnId: 0
     [java]     maxMethodDuplication: 1
     [java]     maxRequiredInputSurvivalTime: 1
     [java] }
     [java] 
     [java] Trying configuration: {
     [java]     searchDepth: 2
     [java]     returnId: 0
     [java]     maxMethodDuplication: 1
     [java]     maxRequiredInputSurvivalTime: 2
     [java] }
     [java] 
     [java] Trying configuration: {
     [java]     searchDepth: 2
     [java]     returnId: 0
     [java]     maxMethodDuplication: 2
     [java]     maxRequiredInputSurvivalTime: 1
     [java] }
     [java] 
     [java] Trying configuration: {
     [java]     searchDepth: 2
     [java]     returnId: 0
     [java]     maxMethodDuplication: 2
     [java]     maxRequiredInputSurvivalTime: 2
     [java] }
     [java] 
     [java] Trying configuration: {
     [java]     searchDepth: 1
     [java]     returnId: 0
     [java]     maxMethodDuplication: 1
     [java]     maxRequiredInputSurvivalTime: 1
     [java] }
     [java] 
     [java] Trying configuration: {
     [java]     searchDepth: 2
     [java]     returnId: 1
     [java]     maxMethodDuplication: 1
     [java]     maxRequiredInputSurvivalTime: 1
     [java] }
     [java] 
     [java] 28558 executions tried!
     [java] Trying configuration: {
     [java]     searchDepth: 2
     [java]     returnId: 1
     [java]     maxMethodDuplication: 1
     [java]     maxRequiredInputSurvivalTime: 2
     [java] }
     [java] 
     [java] 32419 executions tried!
     [java] Trying configuration: {
     [java]     searchDepth: 2
     [java]     returnId: 1
     [java]     maxMethodDuplication: 2
     [java]     maxRequiredInputSurvivalTime: 1
     [java] }
     [java] 
     [java] Trying configuration: {
     [java]     searchDepth: 2
     [java]     returnId: 1
     [java]     maxMethodDuplication: 2
     [java]     maxRequiredInputSurvivalTime: 2
     [java] }
     [java] 
     [java] 36290 executions tried!
     [java] Trying configuration: {
     [java]     searchDepth: 2
     [java]     returnId: 0
     [java]     maxMethodDuplication: 1
     [java]     maxRequiredInputSurvivalTime: 1
     [java] }
     [java] 
     [java] Trying configuration: {
     [java]     searchDepth: 2
     [java]     returnId: 0
     [java]     maxMethodDuplication: 1
     [java]     maxRequiredInputSurvivalTime: 2
     [java] }
     [java] 
     [java] Trying configuration: {
     [java]     searchDepth: 2
     [java]     returnId: 0
     [java]     maxMethodDuplication: 2
     [java]     maxRequiredInputSurvivalTime: 1
     [java] }
     [java] 
     [java] Trying configuration: {
     [java]     searchDepth: 2
     [java]     returnId: 0
     [java]     maxMethodDuplication: 2
     [java]     maxRequiredInputSurvivalTime: 2
     [java] }
     [java] 
     [java] Trying configuration: {
     [java]     searchDepth: 1
     [java]     returnId: 0
     [java]     maxMethodDuplication: 1
     [java]     maxRequiredInputSurvivalTime: 1
     [java] }
     [java] 
     [java] Trying configuration: {
     [java]     searchDepth: 2
     [java]     returnId: 1
     [java]     maxMethodDuplication: 1
     [java]     maxRequiredInputSurvivalTime: 1
     [java] }
     [java] 
     [java] 40543 executions tried!
     [java] Trying configuration: {
     [java]     searchDepth: 2
     [java]     returnId: 1
     [java]     maxMethodDuplication: 1
     [java]     maxRequiredInputSurvivalTime: 2
     [java] }
     [java] 
     [java] 44733 executions tried!
     [java] Trying configuration: {
     [java]     searchDepth: 2
     [java]     returnId: 1
     [java]     maxMethodDuplication: 2
     [java]     maxRequiredInputSurvivalTime: 1
     [java] }
     [java] 
     [java] Trying configuration: {
     [java]     searchDepth: 2
     [java]     returnId: 1
     [java]     maxMethodDuplication: 2
     [java]     maxRequiredInputSurvivalTime: 2
     [java] }
     [java] 
     [java] 48728 executions tried!
     [java] Trying configuration: {
     [java]     searchDepth: 2
     [java]     returnId: 0
     [java]     maxMethodDuplication: 1
     [java]     maxRequiredInputSurvivalTime: 1
     [java] }
     [java] 
     [java] Trying configuration: {
     [java]     searchDepth: 2
     [java]     returnId: 0
     [java]     maxMethodDuplication: 1
     [java]     maxRequiredInputSurvivalTime: 2
     [java] }
     [java] 
     [java] 52849 executions tried!
     [java] Trying configuration: {
     [java]     searchDepth: 2
     [java]     returnId: 0
     [java]     maxMethodDuplication: 2
     [java]     maxRequiredInputSurvivalTime: 1
     [java] }
     [java] 
     [java] Trying configuration: {
     [java]     searchDepth: 2
     [java]     returnId: 0
     [java]     maxMethodDuplication: 2
     [java]     maxRequiredInputSurvivalTime: 2
     [java] }
     [java] 
     [java] Trying configuration: {
     [java]     searchDepth: 1
     [java]     returnId: 0
     [java]     maxMethodDuplication: 1
     [java]     maxRequiredInputSurvivalTime: 1
     [java] }
     [java] 
     [java] Trying configuration: {
     [java]     searchDepth: 2
     [java]     returnId: 1
     [java]     maxMethodDuplication: 1
     [java]     maxRequiredInputSurvivalTime: 1
     [java] }
     [java] 
     [java] Trying configuration: {
     [java]     searchDepth: 2
     [java]     returnId: 1
     [java]     maxMethodDuplication: 1
     [java]     maxRequiredInputSurvivalTime: 2
     [java] }
     [java] 
     [java] 56255 executions tried!
     [java] 59394 executions tried!
     [java] Trying configuration: {
     [java]     searchDepth: 2
     [java]     returnId: 1
     [java]     maxMethodDuplication: 2
     [java]     maxRequiredInputSurvivalTime: 1
     [java] }
     [java] 
     [java] Trying configuration: {
     [java]     searchDepth: 2
     [java]     returnId: 1
     [java]     maxMethodDuplication: 2
     [java]     maxRequiredInputSurvivalTime: 2
     [java] }
     [java] 
     [java] 62459 executions tried!
     [java] 65173 executions tried!
     [java] Trying configuration: {
     [java]     searchDepth: 2
     [java]     returnId: 0
     [java]     maxMethodDuplication: 1
     [java]     maxRequiredInputSurvivalTime: 1
     [java] }
     [java] 
     [java] Trying configuration: {
     [java]     searchDepth: 2
     [java]     returnId: 0
     [java]     maxMethodDuplication: 1
     [java]     maxRequiredInputSurvivalTime: 2
     [java] }
     [java] 
     [java] Trying configuration: {
     [java]     searchDepth: 2
     [java]     returnId: 0
     [java]     maxMethodDuplication: 2
     [java]     maxRequiredInputSurvivalTime: 1
     [java] }
     [java] 
     [java] Trying configuration: {
     [java]     searchDepth: 2
     [java]     returnId: 0
     [java]     maxMethodDuplication: 2
     [java]     maxRequiredInputSurvivalTime: 2
     [java] }
     [java] 
     [java] Trying configuration: {
     [java]     searchDepth: 1
     [java]     returnId: 0
     [java]     maxMethodDuplication: 1
     [java]     maxRequiredInputSurvivalTime: 1
     [java] }
     [java] 
     [java] Trying configuration: {
     [java]     searchDepth: 2
     [java]     returnId: 1
     [java]     maxMethodDuplication: 1
     [java]     maxRequiredInputSurvivalTime: 1
     [java] }
     [java] 
     [java] 67182 executions tried!
     [java] Trying configuration: {
     [java]     searchDepth: 2
     [java]     returnId: 1
     [java]     maxMethodDuplication: 1
     [java]     maxRequiredInputSurvivalTime: 2
     [java] }
     [java] 
     [java] 70632 executions tried!
     [java] Trying configuration: {
     [java]     searchDepth: 2
     [java]     returnId: 1
     [java]     maxMethodDuplication: 2
     [java]     maxRequiredInputSurvivalTime: 1
     [java] }
     [java] 
     [java] 74545 executions tried!
     [java] Trying configuration: {
     [java]     searchDepth: 2
     [java]     returnId: 1
     [java]     maxMethodDuplication: 2
     [java]     maxRequiredInputSurvivalTime: 2
     [java] }
     [java] 
     [java] 78512 executions tried!
     [java] Trying configuration: {
     [java]     searchDepth: 2
     [java]     returnId: 0
     [java]     maxMethodDuplication: 1
     [java]     maxRequiredInputSurvivalTime: 1
     [java] }
     [java] 
     [java] Trying configuration: {
     [java]     searchDepth: 2
     [java]     returnId: 0
     [java]     maxMethodDuplication: 1
     [java]     maxRequiredInputSurvivalTime: 2
     [java] }
     [java] 
     [java] Trying configuration: {
     [java]     searchDepth: 2
     [java]     returnId: 0
     [java]     maxMethodDuplication: 2
     [java]     maxRequiredInputSurvivalTime: 1
     [java] }
     [java] 
     [java] Trying configuration: {
     [java]     searchDepth: 2
     [java]     returnId: 0
     [java]     maxMethodDuplication: 2
     [java]     maxRequiredInputSurvivalTime: 2
     [java] }
     [java] 
     [java] Trying configuration: {
     [java]     searchDepth: 1
     [java]     returnId: 0
     [java]     maxMethodDuplication: 1
     [java]     maxRequiredInputSurvivalTime: 1
     [java] }
     [java] 
     [java] Trying configuration: {
     [java]     searchDepth: 2
     [java]     returnId: 1
     [java]     maxMethodDuplication: 1
     [java]     maxRequiredInputSurvivalTime: 1
     [java] }
     [java] 
     [java] 82245 executions tried!
     [java] Trying configuration: {
     [java]     searchDepth: 2
     [java]     returnId: 1
     [java]     maxMethodDuplication: 1
     [java]     maxRequiredInputSurvivalTime: 2
     [java] }
     [java] 
     [java] 85306 executions tried!
     [java] Trying configuration: {
     [java]     searchDepth: 2
     [java]     returnId: 1
     [java]     maxMethodDuplication: 2
     [java]     maxRequiredInputSurvivalTime: 1
     [java] }
     [java] 
     [java] 88662 executions tried!
     [java] Trying configuration: {
     [java]     searchDepth: 2
     [java]     returnId: 1
     [java]     maxMethodDuplication: 2
     [java]     maxRequiredInputSurvivalTime: 2
     [java] }
     [java] 
     [java] 91667 executions tried!
     [java] Trying configuration: {
     [java]     searchDepth: 2
     [java]     returnId: 0
     [java]     maxMethodDuplication: 1
     [java]     maxRequiredInputSurvivalTime: 1
     [java] }
     [java] 
     [java] Trying configuration: {
     [java]     searchDepth: 2
     [java]     returnId: 0
     [java]     maxMethodDuplication: 1
     [java]     maxRequiredInputSurvivalTime: 2
     [java] }
     [java] 
     [java] Trying configuration: {
     [java]     searchDepth: 2
     [java]     returnId: 0
     [java]     maxMethodDuplication: 2
     [java]     maxRequiredInputSurvivalTime: 1
     [java] }
     [java] 
     [java] Trying configuration: {
     [java]     searchDepth: 2
     [java]     returnId: 0
     [java]     maxMethodDuplication: 2
     [java]     maxRequiredInputSurvivalTime: 2
     [java] }
     [java] 
     [java] 93812 executions tried!
     [java] Trying configuration: {
     [java]     searchDepth: 1
     [java]     returnId: 0
     [java]     maxMethodDuplication: 1
     [java]     maxRequiredInputSurvivalTime: 1
     [java] }
     [java] 
     [java] Trying configuration: {
     [java]     searchDepth: 2
     [java]     returnId: 1
     [java]     maxMethodDuplication: 1
     [java]     maxRequiredInputSurvivalTime: 1
     [java] }
     [java] 
     [java] Trying configuration: {
     [java]     searchDepth: 2
     [java]     returnId: 1
     [java]     maxMethodDuplication: 1
     [java]     maxRequiredInputSurvivalTime: 2
     [java] }
     [java] 
     [java] 97720 executions tried!
     [java] Trying configuration: {
     [java]     searchDepth: 2
     [java]     returnId: 1
     [java]     maxMethodDuplication: 2
     [java]     maxRequiredInputSurvivalTime: 1
     [java] }
     [java] 
     [java] 100913 executions tried!
     [java] Trying configuration: {
     [java]     searchDepth: 2
     [java]     returnId: 1
     [java]     maxMethodDuplication: 2
     [java]     maxRequiredInputSurvivalTime: 2
     [java] }
     [java] 
     [java] 104542 executions tried!
     [java] Trying configuration: {
     [java]     searchDepth: 2
     [java]     returnId: 0
     [java]     maxMethodDuplication: 1
     [java]     maxRequiredInputSurvivalTime: 1
     [java] }
     [java] 
     [java] Trying configuration: {
     [java]     searchDepth: 2
     [java]     returnId: 0
     [java]     maxMethodDuplication: 1
     [java]     maxRequiredInputSurvivalTime: 2
     [java] }
     [java] 
     [java] Trying configuration: {
     [java]     searchDepth: 2
     [java]     returnId: 0
     [java]     maxMethodDuplication: 2
     [java]     maxRequiredInputSurvivalTime: 1
     [java] }
     [java] 
     [java] Trying configuration: {
     [java]     searchDepth: 2
     [java]     returnId: 0
     [java]     maxMethodDuplication: 2
     [java]     maxRequiredInputSurvivalTime: 2
     [java] }
     [java] 
     [java] Trying configuration: {
     [java]     searchDepth: 1
     [java]     returnId: 0
     [java]     maxMethodDuplication: 1
     [java]     maxRequiredInputSurvivalTime: 1
     [java] }
     [java] 
     [java] Trying configuration: {
     [java]     searchDepth: 2
     [java]     returnId: 1
     [java]     maxMethodDuplication: 1
     [java]     maxRequiredInputSurvivalTime: 1
     [java] }
     [java] 
     [java] 108234 executions tried!
     [java] Trying configuration: {
     [java]     searchDepth: 2
     [java]     returnId: 1
     [java]     maxMethodDuplication: 1
     [java]     maxRequiredInputSurvivalTime: 2
     [java] }
     [java] 
     [java] 111766 executions tried!
     [java] Trying configuration: {
     [java]     searchDepth: 2
     [java]     returnId: 1
     [java]     maxMethodDuplication: 2
     [java]     maxRequiredInputSurvivalTime: 1
     [java] }
     [java] 
     [java] 115572 executions tried!
     [java] Trying configuration: {
     [java]     searchDepth: 2
     [java]     returnId: 1
     [java]     maxMethodDuplication: 2
     [java]     maxRequiredInputSurvivalTime: 2
     [java] }
     [java] 
     [java] Trying configuration: {
     [java]     searchDepth: 2
     [java]     returnId: 0
     [java]     maxMethodDuplication: 1
     [java]     maxRequiredInputSurvivalTime: 1
     [java] }
     [java] 
     [java] Trying configuration: {
     [java]     searchDepth: 2
     [java]     returnId: 0
     [java]     maxMethodDuplication: 1
     [java]     maxRequiredInputSurvivalTime: 2
     [java] }
     [java] 
     [java] 119781 executions tried!
     [java] Trying configuration: {
     [java]     searchDepth: 2
     [java]     returnId: 0
     [java]     maxMethodDuplication: 2
     [java]     maxRequiredInputSurvivalTime: 1
     [java] }
     [java] 
     [java] Trying configuration: {
     [java]     searchDepth: 2
     [java]     returnId: 0
     [java]     maxMethodDuplication: 2
     [java]     maxRequiredInputSurvivalTime: 2
     [java] }
     [java] 
     [java] Trying configuration: {
     [java]     searchDepth: 1
     [java]     returnId: 0
     [java]     maxMethodDuplication: 1
     [java]     maxRequiredInputSurvivalTime: 1
     [java] }
     [java] 
     [java] Trying configuration: {
     [java]     searchDepth: 2
     [java]     returnId: 1
     [java]     maxMethodDuplication: 1
     [java]     maxRequiredInputSurvivalTime: 1
     [java] }
     [java] 
     [java] Trying configuration: {
     [java]     searchDepth: 2
     [java]     returnId: 1
     [java]     maxMethodDuplication: 1
     [java]     maxRequiredInputSurvivalTime: 2
     [java] }
     [java] 
     [java] 123861 executions tried!
     [java] Found solution:
     [java] ----------------------------------------------------------------
     [java] Hole 0:
     [java] boolean res0 = n.isVar();
     [java] return res0;
     [java] 
     [java] Hole 1:
     [java] boolean res0 = n.hasChildren();
     [java] return res0;
     [java] 
     [java] Hole 2:
     [java] com.google.javascript.rhino.Node res0 = n.removeChildren();
     [java] var.addChildrenToBack(res0);
     [java] 
     [java] ----------------------------------------------------------------
     [java] Number of executions: 124960

BUILD SUCCESSFUL
Total time: 3 minutes 8 seconds
