Buildfile: /Users/josh/Study/courses/Master_Report/ASE-17/experiments/benchmarks/geometry/14/build.xml

run:
     [java] 1 executions tried!
     [java] Classes found with package prefix "java.awt.geom": [class java.awt.geom.Rectangle2D, class java.awt.geom.Area, class java.awt.geom.QuadCurve2D$Double, class java.awt.geom.Arc2D$Float, class java.awt.geom.ArcIterator, class java.awt.geom.Path2D$Double$TxIterator, class java.awt.geom.QuadIterator, class java.awt.geom.Line2D$Double, class java.awt.geom.Arc2D$Double, class java.awt.geom.LineIterator, class java.awt.geom.RoundRectangle2D, class java.awt.geom.Arc2D, class java.awt.geom.Path2D$Float$TxIterator, class java.awt.geom.Ellipse2D$Double, class java.awt.geom.Point2D$Float, class java.awt.geom.Path2D, class java.awt.geom.QuadCurve2D$Float, class java.awt.geom.Rectangle2D$Double, class java.awt.geom.AreaIterator, class java.awt.geom.AffineTransform, class java.awt.geom.Line2D, class java.awt.geom.FlatteningPathIterator, class java.awt.geom.Path2D$Float$CopyIterator, class java.awt.geom.Point2D$Double, class java.awt.geom.Path2D$Float, class java.awt.geom.CubicCurve2D$Float, class java.awt.geom.RoundRectangle2D$Double, class java.awt.geom.CubicIterator, class java.awt.geom.Path2D$Double, class java.awt.geom.Dimension2D, class java.awt.geom.RectangularShape, class java.awt.geom.Path2D$Iterator, class java.awt.geom.Ellipse2D, class java.awt.geom.Ellipse2D$Float, class java.awt.geom.Point2D, class java.awt.geom.Path2D$Double$CopyIterator, class java.awt.geom.Rectangle2D$Float, class java.awt.geom.RoundRectangle2D$Float, class java.awt.geom.GeneralPath, class java.awt.geom.RectIterator, class java.awt.geom.QuadCurve2D, class java.awt.geom.NoninvertibleTransformException, class java.awt.geom.RoundRectIterator, class java.awt.geom.CubicCurve2D, class java.awt.geom.Line2D$Float, interface java.awt.geom.PathIterator, class java.awt.geom.EllipseIterator, class java.awt.geom.CubicCurve2D$Double, class java.awt.geom.IllegalPathStateException]
     [java] Trying configuration: {
     [java]     searchDepth: 1
     [java]     returnId: 0
     [java]     maxMethodDuplication: 1
     [java]     maxRequiredInputSurvivalTime: 1
     [java] }
     [java] 
     [java] Trying configuration: {
     [java]     searchDepth: 2
     [java]     returnId: 1
     [java]     maxMethodDuplication: 1
     [java]     maxRequiredInputSurvivalTime: 1
     [java] }
     [java] 
     [java] Trying configuration: {
     [java]     searchDepth: 2
     [java]     returnId: 1
     [java]     maxMethodDuplication: 1
     [java]     maxRequiredInputSurvivalTime: 2
     [java] }
     [java] 
     [java] Trying configuration: {
     [java]     searchDepth: 3
     [java]     returnId: 2
     [java]     maxMethodDuplication: 1
     [java]     maxRequiredInputSurvivalTime: 1
     [java] }
     [java] 
     [java] 140590 executions tried!
     [java] 646910 executions tried!
     [java] 1160860 executions tried!
     [java] 1681258 executions tried!
     [java] 2207243 executions tried!
     [java] 2740602 executions tried!
     [java] 3268382 executions tried!
     [java] Trying configuration: {
     [java]     searchDepth: 3
     [java]     returnId: 2
     [java]     maxMethodDuplication: 1
     [java]     maxRequiredInputSurvivalTime: 2
     [java] }
     [java] 
     [java] 3782192 executions tried!
     [java] 4028954 executions tried!
     [java] 4694358 executions tried!
     [java] 5072548 executions tried!
     [java] 5434567 executions tried!
     [java] 5461993 executions tried!
     [java] 5490619 executions tried!
     [java] 5517040 executions tried!
     [java] 6085224 executions tried!
     [java] 6725493 executions tried!
     [java] 7374308 executions tried!
     [java] 8021520 executions tried!
     [java] 8675406 executions tried!
     [java] 9328037 executions tried!
     [java] 9974169 executions tried!
     [java] 10626547 executions tried!
     [java] 11276748 executions tried!
     [java] 11924777 executions tried!
     [java] 12573530 executions tried!
     [java] 13227415 executions tried!
     [java] 13881662 executions tried!
     [java] 14540246 executions tried!
     [java] 14951275 executions tried!
     [java] 15608632 executions tried!
     [java] 16262765 executions tried!
     [java] 16759350 executions tried!
     [java] 16814344 executions tried!
     [java] 17463014 executions tried!
     [java] 18112997 executions tried!
     [java] 18764922 executions tried!
     [java] 19412706 executions tried!
     [java] 20060574 executions tried!
     [java] 20712489 executions tried!
     [java] 21360758 executions tried!
     [java] 22008728 executions tried!
     [java] 22657732 executions tried!
     [java] 23304596 executions tried!
     [java] 23949434 executions tried!
     [java] 24333022 executions tried!
     [java] 24359971 executions tried!
     [java] 24932602 executions tried!
     [java] 25584302 executions tried!
     [java] 26231357 executions tried!
     [java] 26880708 executions tried!
     [java] 27530117 executions tried!
     [java] 28168048 executions tried!
     [java] 28815838 executions tried!
     [java] 29463459 executions tried!
     [java] 30117041 executions tried!
     [java] 30769327 executions tried!
     [java] 31416470 executions tried!
     [java] 31897653 executions tried!
     [java] 31935121 executions tried!
     [java] 32085455 executions tried!
     [java] Found solution:
     [java] ----------------------------------------------------------------
     [java] java.awt.geom.AffineTransform res0 = java.awt.geom.AffineTransform.getTranslateInstance(arg1, arg2);
     [java] java.awt.Shape res1 = res0.createTransformedShape(arg0);
     [java] java.awt.geom.Rectangle2D res2 = res1.getBounds2D();
     [java] return res2;
     [java] 
     [java] ----------------------------------------------------------------
     [java] Number of invocations tried: 31621009
     [java] Search depth: 3
     [java] Number of executions: 32156506

BUILD SUCCESSFUL
Total time: 5 minutes 8 seconds
