Buildfile: /Users/josh/Study/courses/Execution-Driven-Synthesis/non-straight-line-experiments/repos/Math_59/build.xml

init:
     [echo] -------- Commons MATH 3.0-SNAPSHOT --------

compile:
    [javac] /Users/josh/Study/courses/Execution-Driven-Synthesis/non-straight-line-experiments/repos/Math_59/build.xml:165: warning: 'includeantruntime' was not set, defaulting to build.sysclasspath=last; set to false for repeatable builds
    [javac] Compiling 1 source file to /Users/josh/Study/courses/Execution-Driven-Synthesis/non-straight-line-experiments/repos/Math_59/target/classes
    [javac] warning: [options] bootstrap class path not set in conjunction with -source 1.5
    [javac] warning: [options] source value 1.5 is obsolete and will be removed in a future release
    [javac] warning: [options] target value 1.5 is obsolete and will be removed in a future release
    [javac] warning: [options] To suppress warnings about obsolete options, use -Xlint:-options.
    [javac] 4 warnings

check-availability:
     [echo] doing check-availability...

download-dependencies:
     [echo] doing download-dependencies...

download-junit:
     [echo] Downloading junit...
      [get] Getting: http://repo1.maven.org/maven2/junit/junit/4.4/junit-4.4.jar
      [get] To: /Users/josh/Study/courses/Execution-Driven-Synthesis/non-straight-line-experiments/repos/Math_59/lib/junit-4.4.jar
      [get] Not modified - so not downloaded

compile.tests:
    [javac] /Users/josh/Study/courses/Execution-Driven-Synthesis/non-straight-line-experiments/repos/Math_59/build.xml:179: warning: 'includeantruntime' was not set, defaulting to build.sysclasspath=last; set to false for repeatable builds

synthesis:
     [java] 1 executions tried!
     [java] Trying configuration: {
     [java]     searchDepth: 1
     [java]     returnId: 0
     [java]     maxMethodDuplication: 1
     [java]     maxRequiredInputSurvivalTime: 1
     [java] }
     [java] 
     [java] Trying configuration: {
     [java]     searchDepth: 1
     [java]     returnId: 0
     [java]     maxMethodDuplication: 1
     [java]     maxRequiredInputSurvivalTime: 1
     [java] }
     [java] 
     [java] Trying configuration: {
     [java]     searchDepth: 1
     [java]     returnId: 0
     [java]     maxMethodDuplication: 1
     [java]     maxRequiredInputSurvivalTime: 1
     [java] }
     [java] 
     [java] Trying configuration: {
     [java]     searchDepth: 2
     [java]     returnId: 1
     [java]     maxMethodDuplication: 1
     [java]     maxRequiredInputSurvivalTime: 1
     [java] }
     [java] 
     [java] Trying configuration: {
     [java]     searchDepth: 1
     [java]     returnId: 0
     [java]     maxMethodDuplication: 1
     [java]     maxRequiredInputSurvivalTime: 1
     [java] }
     [java] 
     [java] Trying configuration: {
     [java]     searchDepth: 2
     [java]     returnId: 1
     [java]     maxMethodDuplication: 1
     [java]     maxRequiredInputSurvivalTime: 1
     [java] }
     [java] 
     [java] Trying configuration: {
     [java]     searchDepth: 2
     [java]     returnId: 1
     [java]     maxMethodDuplication: 1
     [java]     maxRequiredInputSurvivalTime: 2
     [java] }
     [java] 
     [java] Found solution:
     [java] ----------------------------------------------------------------
     [java] Hole 0:
     [java] boolean res0 = iter.hasNext();
     [java] return res0;
     [java] 
     [java] Hole 1:
     [java] iter.advance();
     [java] int res1 = iter.key();
     [java] return res1;
     [java] 
     [java] Hole 2:
     [java] boolean res0 = randomAccess.containsKey(key);
     [java] return res0;
     [java] 
     [java] Hole 3:
     [java] double res0 = org.apache.commons.math.linear.OpenMapRealVector.addVal(randomAccess, iter, key);
     [java] res.setEntry(key, res0);
     [java] 
     [java] ----------------------------------------------------------------
     [java] Number of executions: 10

BUILD SUCCESSFUL
Total time: 1 second
