Buildfile: /Users/josh/Study/courses/Execution-Driven-Synthesis/non-straight-line-experiments/repos/Math_59/build.xml

init:
     [echo] -------- Commons MATH 3.0-SNAPSHOT --------

compile:
    [javac] /Users/josh/Study/courses/Execution-Driven-Synthesis/non-straight-line-experiments/repos/Math_59/build.xml:165: warning: 'includeantruntime' was not set, defaulting to build.sysclasspath=last; set to false for repeatable builds

check-availability:
     [echo] doing check-availability...

download-dependencies:
     [echo] doing download-dependencies...

download-junit:
     [echo] Downloading junit...
      [get] Getting: http://repo1.maven.org/maven2/junit/junit/4.4/junit-4.4.jar
      [get] To: /Users/josh/Study/courses/Execution-Driven-Synthesis/non-straight-line-experiments/repos/Math_59/lib/junit-4.4.jar
      [get] Not modified - so not downloaded

compile.tests:
    [javac] /Users/josh/Study/courses/Execution-Driven-Synthesis/non-straight-line-experiments/repos/Math_59/build.xml:179: warning: 'includeantruntime' was not set, defaulting to build.sysclasspath=last; set to false for repeatable builds

synthesis:
     [java] 1 executions tried!
     [java] Trying configuration: {
     [java]     searchDepth: 1
     [java]     returnId: 0
     [java]     maxMethodDuplication: 1
     [java]     maxRequiredInputSurvivalTime: 1
     [java] }
     [java] 
     [java] Trying configuration: {
     [java]     searchDepth: 2
     [java]     returnId: 1
     [java]     maxMethodDuplication: 1
     [java]     maxRequiredInputSurvivalTime: 1
     [java] }
     [java] 
     [java] Trying configuration: {
     [java]     searchDepth: 2
     [java]     returnId: 1
     [java]     maxMethodDuplication: 1
     [java]     maxRequiredInputSurvivalTime: 2
     [java] }
     [java] 
     [java] Trying configuration: {
     [java]     searchDepth: 3
     [java]     returnId: 2
     [java]     maxMethodDuplication: 1
     [java]     maxRequiredInputSurvivalTime: 1
     [java] }
     [java] 
     [java] Trying configuration: {
     [java]     searchDepth: 3
     [java]     returnId: 2
     [java]     maxMethodDuplication: 1
     [java]     maxRequiredInputSurvivalTime: 2
     [java] }
     [java] 
     [java] Trying configuration: {
     [java]     searchDepth: 3
     [java]     returnId: 2
     [java]     maxMethodDuplication: 1
     [java]     maxRequiredInputSurvivalTime: 3
     [java] }
     [java] 
     [java] Trying configuration: {
     [java]     searchDepth: 1
     [java]     returnId: 0
     [java]     maxMethodDuplication: 1
     [java]     maxRequiredInputSurvivalTime: 1
     [java] }
     [java] 
     [java] Trying configuration: {
     [java]     searchDepth: 2
     [java]     returnId: 1
     [java]     maxMethodDuplication: 1
     [java]     maxRequiredInputSurvivalTime: 1
     [java] }
     [java] 
     [java] Trying configuration: {
     [java]     searchDepth: 2
     [java]     returnId: 1
     [java]     maxMethodDuplication: 1
     [java]     maxRequiredInputSurvivalTime: 2
     [java] }
     [java] 
     [java] 467 executions tried!
     [java] 469 executions tried!
     [java] 472 executions tried!
     [java] Found solution:
     [java] ----------------------------------------------------------------
     [java] Hole 0:
     [java] org.apache.commons.math.Field res0 = value.getField();
     [java] java.lang.Object res1 = res0.getZero();
     [java] boolean res2 = this.equals(res1);
     [java] return res2;
     [java] 
     [java] Hole 1:
     [java] int res0 = this.computeKey(row, column);
     [java] org.apache.commons.math.FieldElement res1 = entries.put(res0, value);
     [java] return res1;
     [java] 
     [java] ----------------------------------------------------------------
     [java] Number of executions: 494

BUILD SUCCESSFUL
Total time: 21 seconds
