Buildfile: /Users/josh/Study/courses/Master_Report/ASE-17/experiments/benchmarks/geometry/12/build.xml

run:
     [java] 1 executions tried!
     [java] Classes found with package prefix "java.awt.geom": [class java.awt.geom.Rectangle2D, class java.awt.geom.Area, class java.awt.geom.QuadCurve2D$Double, class java.awt.geom.Arc2D$Float, class java.awt.geom.ArcIterator, class java.awt.geom.Path2D$Double$TxIterator, class java.awt.geom.QuadIterator, class java.awt.geom.Line2D$Double, class java.awt.geom.Arc2D$Double, class java.awt.geom.LineIterator, class java.awt.geom.RoundRectangle2D, class java.awt.geom.Arc2D, class java.awt.geom.Path2D$Float$TxIterator, class java.awt.geom.Ellipse2D$Double, class java.awt.geom.Point2D$Float, class java.awt.geom.Path2D, class java.awt.geom.QuadCurve2D$Float, class java.awt.geom.Rectangle2D$Double, class java.awt.geom.AreaIterator, class java.awt.geom.AffineTransform, class java.awt.geom.Line2D, class java.awt.geom.FlatteningPathIterator, class java.awt.geom.Path2D$Float$CopyIterator, class java.awt.geom.Point2D$Double, class java.awt.geom.Path2D$Float, class java.awt.geom.CubicCurve2D$Float, class java.awt.geom.RoundRectangle2D$Double, class java.awt.geom.CubicIterator, class java.awt.geom.Path2D$Double, class java.awt.geom.Dimension2D, class java.awt.geom.RectangularShape, class java.awt.geom.Path2D$Iterator, class java.awt.geom.Ellipse2D, class java.awt.geom.Ellipse2D$Float, class java.awt.geom.Point2D, class java.awt.geom.Path2D$Double$CopyIterator, class java.awt.geom.Rectangle2D$Float, class java.awt.geom.RoundRectangle2D$Float, class java.awt.geom.GeneralPath, class java.awt.geom.RectIterator, class java.awt.geom.QuadCurve2D, class java.awt.geom.NoninvertibleTransformException, class java.awt.geom.RoundRectIterator, class java.awt.geom.CubicCurve2D, class java.awt.geom.Line2D$Float, interface java.awt.geom.PathIterator, class java.awt.geom.EllipseIterator, class java.awt.geom.CubicCurve2D$Double, class java.awt.geom.IllegalPathStateException]
     [java] Trying configuration: {
     [java]     searchDepth: 1
     [java]     returnId: 0
     [java]     maxMethodDuplication: 1
     [java]     maxRequiredInputSurvivalTime: 1
     [java] }
     [java] 
     [java] Trying configuration: {
     [java]     searchDepth: 2
     [java]     returnId: 1
     [java]     maxMethodDuplication: 1
     [java]     maxRequiredInputSurvivalTime: 1
     [java] }
     [java] 
     [java] Trying configuration: {
     [java]     searchDepth: 2
     [java]     returnId: 1
     [java]     maxMethodDuplication: 1
     [java]     maxRequiredInputSurvivalTime: 2
     [java] }
     [java] 
     [java] Trying configuration: {
     [java]     searchDepth: 3
     [java]     returnId: 2
     [java]     maxMethodDuplication: 1
     [java]     maxRequiredInputSurvivalTime: 1
     [java] }
     [java] 
     [java] Trying configuration: {
     [java]     searchDepth: 3
     [java]     returnId: 2
     [java]     maxMethodDuplication: 1
     [java]     maxRequiredInputSurvivalTime: 2
     [java] }
     [java] 
     [java] Found solution:
     [java] ----------------------------------------------------------------
     [java] java.awt.geom.AffineTransform res0 = java.awt.geom.AffineTransform.getQuadrantRotateInstance(arg1);
     [java] java.awt.Shape res1 = res0.createTransformedShape(arg0);
     [java] java.awt.geom.Rectangle2D res2 = res1.getBounds2D();
     [java] return res2;
     [java] 
     [java] ----------------------------------------------------------------
     [java] Number of invocations tried: 157
     [java] Search depth: 3
     [java] Number of executions: 907

BUILD SUCCESSFUL
Total time: 2 seconds
